This is e-TeX, Version 3.141592-2.1 (MiKTeX 2.4) (preloaded format=latex 2006.10.6)  6 DEC 2006 17:47
entering extended mode
**monografiaCC.tex
(monografiaCC.tex
LaTeX2e <2003/12/01>
Babel <v3.8a> and hyphenation patterns for english, french, german, ngerman, du
mylang, nohyphenation, loaded.
(C:\texmf\tex\latex\base\report.cls
Document Class: report 2004/02/16 v1.4f Standard LaTeX document class
(C:\texmf\tex\latex\base\size12.clo
File: size12.clo 2004/02/16 v1.4f Standard LaTeX file (size option)
)
\c@part=\count79
\c@chapter=\count80
\c@section=\count81
\c@subsection=\count82
\c@subsubsection=\count83
\c@paragraph=\count84
\c@subparagraph=\count85
\c@figure=\count86
\c@table=\count87
\abovecaptionskip=\skip41
\belowcaptionskip=\skip42
\bibindent=\dimen102
) (C:\texmf\tex\latex\amsfonts\amssymb.sty
Package: amssymb 2002/01/22 v2.2d

(C:\texmf\tex\latex\amsfonts\amsfonts.sty
Package: amsfonts 2001/10/25 v2.2f
\@emptytoks=\toks14
\symAMSa=\mathgroup4
\symAMSb=\mathgroup5
LaTeX Font Info:    Overwriting math alphabet `\mathfrak' in version `bold'
(Font)                  U/euf/m/n --> U/euf/b/n on input line 132.
))
(C:\texmf\tex\latex\amsmath\amsmath.sty
Package: amsmath 2000/07/18 v2.13 AMS math features
\@mathmargin=\skip43

For additional information on amsmath, use the `?' option.
(C:\texmf\tex\latex\amsmath\amstext.sty
Package: amstext 2000/06/29 v2.01
 (C:\texmf\tex\latex\amsmath\amsgen.sty
File: amsgen.sty 1999/11/30 v2.0
\@emptytoks=\toks15
\ex@=\dimen103
)) (C:\texmf\tex\latex\amsmath\amsbsy.sty
Package: amsbsy 1999/11/29 v1.2d
\pmbraise@=\dimen104
)
(C:\texmf\tex\latex\amsmath\amsopn.sty
Package: amsopn 1999/12/14 v2.01 operator names
)
\inf@bad=\count88
LaTeX Info: Redefining \frac on input line 211.
\uproot@=\count89
\leftroot@=\count90
LaTeX Info: Redefining \overline on input line 307.
\classnum@=\count91
\DOTSCASE@=\count92
LaTeX Info: Redefining \ldots on input line 379.
LaTeX Info: Redefining \dots on input line 382.
LaTeX Info: Redefining \cdots on input line 467.
\Mathstrutbox@=\box26
\strutbox@=\box27
\big@size=\dimen105
LaTeX Font Info:    Redeclaring font encoding OML on input line 567.
LaTeX Font Info:    Redeclaring font encoding OMS on input line 568.
\macc@depth=\count93
\c@MaxMatrixCols=\count94
\dotsspace@=\muskip10
\c@parentequation=\count95
\dspbrk@lvl=\count96
\tag@help=\toks16
\row@=\count97
\column@=\count98
\maxfields@=\count99
\andhelp@=\toks17
\eqnshift@=\dimen106
\alignsep@=\dimen107
\tagshift@=\dimen108
\tagwidth@=\dimen109
\totwidth@=\dimen110
\lineht@=\dimen111
\@envbody=\toks18
\multlinegap=\skip44
\multlinetaggap=\skip45
\mathdisplay@stack=\toks19
LaTeX Info: Redefining \[ on input line 2666.
LaTeX Info: Redefining \] on input line 2667.
) (C:\texmf\tex\generic\babel\babel.sty
Package: babel 2004/02/19 v3.8a The Babel package

(C:\texmf\tex\generic\babel\portuges.ldf
Language: portuges 2004/02/19 v1.2p Portuguese support from the babel system
 (C:\texmf\tex\generic\babel\babel.def
File: babel.def 2004/02/19 v3.8a Babel common definitions
\babel@savecnt=\count100
\U@D=\dimen112
)

Package babel Warning: No hyphenation patterns were loaded for
(babel)                the language `Portuguese'
(babel)                I will use the patterns loaded for \language=0 instead.

\l@portuges = a dialect from \language0
\l@brazil = a dialect from \language\l@portuges 
Package babel Info: Making " an active character on input line 145.
)) (C:\texmf\tex\latex\base\inputenc.sty
Package: inputenc 2004/02/05 v1.0d Input encoding file
 (C:\texmf\tex\latex\base\latin1.def
File: latin1.def 2004/02/05 v1.0d Input encoding file
))
(C:\texmf\tex\latex\base\makeidx.sty
Package: makeidx 2000/03/29 v1.0m Standard LaTeX package
) (C:\texmf\tex\latex\geometry\geometry.sty
Package: geometry 2002/07/08 v3.2 Page Geometry
(C:\texmf\tex\latex\graphics\keyval.sty
Package: keyval 1999/03/16 v1.13 key=value parser (DPC)
\KV@toks@=\toks20
)
\Gm@cnth=\count101
\Gm@cntv=\count102
\c@Gm@tempcnt=\count103
\Gm@bindingoffset=\dimen113
\Gm@wd@mp=\dimen114
\Gm@odd@mp=\dimen115
\Gm@even@mp=\dimen116
\Gm@dimlist=\toks21

(C:\texmf\tex\latex\geometry\geometry.cfg))
(C:\texmf\tex\latex\base\fontenc.sty
Package: fontenc 2004/02/22 v1.99f Standard LaTeX package
 (C:\texmf\tex\latex\base\t1enc.def
File: t1enc.def 2004/02/22 v1.99f Standard LaTeX file
LaTeX Font Info:    Redeclaring font encoding T1 on input line 43.
))
(C:\texmf\tex\latex\ae\ae.sty
Package: ae 2001/02/12 1.3 Almost European Computer Modern
 (C:\texmf\tex\latex\base\fontenc.sty
Package: fontenc 2004/02/22 v1.99f Standard LaTeX package

(C:\texmf\tex\latex\base\t1enc.def
File: t1enc.def 2004/02/22 v1.99f Standard LaTeX file
LaTeX Font Info:    Redeclaring font encoding T1 on input line 43.
)
LaTeX Font Info:    Try loading font information for T1+aer on input line 100.
 (C:\texmf\tex\latex\ae\t1aer.fd
File: t1aer.fd 1997/11/16 Font definitions for T1/aer.
)))
(C:\texmf\tex\latex\ae\aecompl.sty
Package: aecompl 1998/07/23 0.9 T1 Complements for AE fonts (D. Roegel)
) (C:\texmf\tex\latex\graphics\graphicx.sty
Package: graphicx 1999/02/16 v1.0f Enhanced LaTeX Graphics (DPC,SPQR)

(C:\texmf\tex\latex\graphics\graphics.sty
Package: graphics 2001/07/07 v1.0n Standard LaTeX Graphics (DPC,SPQR)
 (C:\texmf\tex\latex\graphics\trig.sty
Package: trig 1999/03/16 v1.09 sin cos tan (DPC)
) (C:\texmf\tex\latex\00miktex\graphics.cfg
File: graphics.cfg 2003/03/12 v1.1 MiKTeX 'graphics' configuration
)
Package graphics Info: Driver file: dvipdfm.def on input line 80.

(C:\texmf\tex\latex\00miktex\dvipdfm.def
File: dvipdfm.def 1999/9/6 vx.x Driver-dependant file
))
\Gin@req@height=\dimen117
\Gin@req@width=\dimen118
)
(C:\texmf\tex\latex\graphics\color.sty
Package: color 1999/02/16 v1.0i Standard LaTeX Color (DPC)
 (C:\texmf\tex\latex\00miktex\color.cfg
File: color.cfg 2003/03/08 v1.0 MiKTeX 'color' configuration
)
Package color Info: Driver file: dvipdfm.def on input line 125.

(C:\texmf\tex\latex\graphics\dvipsnam.def
File: dvipsnam.def 1999/02/16 v3.0i Driver-dependant file (DPC,SPQR)
)) (monografiaCC.aux

LaTeX Warning: Label `fisl' multiply defined.


LaTeX Warning: Label `fisl' multiply defined.


LaTeX Warning: Label `bazar' multiply defined.


LaTeX Warning: Label `fisl' multiply defined.

(mono_anexoA.aux) (mono_anexoB.aux))
LaTeX Font Info:    Checking defaults for OML/cmm/m/it on input line 33.
LaTeX Font Info:    ... okay on input line 33.
LaTeX Font Info:    Checking defaults for T1/cmr/m/n on input line 33.
LaTeX Font Info:    ... okay on input line 33.
LaTeX Font Info:    Checking defaults for OT1/cmr/m/n on input line 33.
LaTeX Font Info:    ... okay on input line 33.
LaTeX Font Info:    Checking defaults for OMS/cmsy/m/n on input line 33.
LaTeX Font Info:    ... okay on input line 33.
LaTeX Font Info:    Checking defaults for OMX/cmex/m/n on input line 33.
LaTeX Font Info:    ... okay on input line 33.
LaTeX Font Info:    Checking defaults for U/cmr/m/n on input line 33.
LaTeX Font Info:    ... okay on input line 33.
-------------------- Geometry parameters
paper: a4paper
landscape: --
twocolumn: --
twoside: --
asymmetric: --
h-parts: 89.62709pt, 0.7\paperwidth , 89.6271pt (default)
v-parts: 101.40665pt, 0.7\paperheight , 152.11pt (default)
hmarginratio: 1:1
vmarginratio: 2:3
lines: --
heightrounded: --
bindingoffset: 0.0pt
truedimen: --
includehead: --
includefoot: --
includemp: --
driver: dvipdfm
-------------------- Page layout dimensions and switches
\paperwidth  597.50787pt
\paperheight 845.04684pt
\textwidth  418.25368pt
\textheight 591.5302pt
\oddsidemargin  17.3571pt
\evensidemargin 17.3571pt
\topmargin  -7.86334pt
\headheight 12.0pt
\headsep    25.0pt
\footskip   30.0pt
\marginparwidth 35.0pt
\marginparsep   10.0pt
\columnsep  10.0pt
\skip\footins  10.8pt plus 4.0pt minus 2.0pt
\hoffset 0.0pt
\voffset -15.0pt
\mag 1000

(1in=72.27pt, 1cm=28.45pt)
-----------------------
 [1

]
Underfull \hbox (badness 2126) in paragraph at lines 86--87
\T1/aer/m/n/12 Eu real-mente não es-tou in-ter-es-sado em
 []


Underfull \hbox (badness 10000) in paragraph at lines 86--87

 []

[2]
File: somerights20pt.png Graphic file (type bmp)
 <somerights20pt.png> [3] (monografiaCC.toc
LaTeX Font Info:    Try loading font information for U+msa on input line 3.

(C:\texmf\tex\latex\amsfonts\umsa.fd
File: umsa.fd 2002/01/19 v2.2g AMS font definitions
)
LaTeX Font Info:    Try loading font information for U+msb on input line 3.
 (C:\texmf\tex\latex\amsfonts\umsb.fd
File: umsb.fd 2002/01/19 v2.2g AMS font definitions
)
[4

])
\tf@toc=\write3
 [5] (monografiaCC.lof)
\tf@lof=\write4
 [6

]
Cap\'{\i }tulo 1.
[7

]
LaTeX Font Info:    Try loading font information for OMS+aer on input line 172.

 (C:\texmf\tex\latex\ae\omsaer.fd
File: omsaer.fd 1999/12/27
)
LaTeX Font Info:    Font shape `OMS/aer/m/n' in size <12> not available
(Font)              Font shape `OMS/cmsy/m/n' tried instead on input line 172.
 [8] [9]
Cap\'{\i }tulo 2.
[10

] [11] [12] [13] [14] [15]
File: motivacao_desenv.png Graphic file (type bmp)
 <motivacao_desenv.png> [16]
File: motivacao_user.png Graphic file (type bmp)
 <motivacao_user.png>
[17] [18] [19] [20] [21] [22] [23] [24]
Cap\'{\i }tulo 3.
[25

] [26] [27] [28] [29] [30] [31] [32] [33] [34] [35] [36] [37] [38] [39]
File: hierarquia_SL.png Graphic file (type bmp)

<hierarquia_SL.png> [40] [41]
Cap\'{\i }tulo 4.
[42

] [43] [44] [45]
File: tipos_licenca.png Graphic file (type bmp)
 <tipos_licenca.png> [46] [47

] [48

]
Ap\^endice A.
[49

] (mono_anexoA.tex
File: ccgpl.png Graphic file (type bmp)
 <ccgpl.png> [50

]
Overfull \hbox (11.95708pt too wide) in paragraph at lines 83--84
[]\T1/aer/m/n/12 TERMOS E CONDIÇÕES PARA CÓPIA, DIS-TRIBUIÇÃO E MOD-I-FI-CAÇÃO.
 
 []

[51] [52] [53] [54] [55]
Overfull \hbox (10.98958pt too wide) in paragraph at lines 162--163
\T1/aer/m/n/12 QUAL-QUER TIPO, TANTO EX-PRESSA COMO IM-PLÍCITA, IN-CLUINDO,
 []


Overfull \hbox (10.36214pt too wide) in paragraph at lines 162--163
\T1/aer/m/n/12 IN-TE-GRAL QUANTO À QUAL-I-DADE E DE-SEM-PENHO DO PRO-GRAMA
 []


Overfull \hbox (10.54408pt too wide) in paragraph at lines 163--164
\T1/aer/m/n/12 POSSA MOD-I-FICAR E/OU RE-DIS-TRIBUIR O PRO-GRAMA, CON-FORME
 []


Overfull \hbox (1.01506pt too wide) in paragraph at lines 163--164
\T1/aer/m/n/12 FORMA IM-PRE-CISA, PER-DAS SOFRIDAS POR VOCÊ OU TER-CEIROS
 []

[56] [57]) [58]
Ap\^endice B.
[59


] (mono_anexoB.tex
Overfull \hbox (114.05054pt too wide) has occurred while \output is active
\T1/aer/m/sl/12 APÊNDICE B.  DICAS E DIRETRIZES PARA SE INICIAR UM PROJETO DE S
OFTWARE LIVRE \T1/aer/m/n/12 60
 []

[60

]
Overfull \hbox (114.05054pt too wide) has occurred while \output is active
\T1/aer/m/sl/12 APÊNDICE B.  DICAS E DIRETRIZES PARA SE INICIAR UM PROJETO DE S
OFTWARE LIVRE \T1/aer/m/n/12 61
 []

[61]
LaTeX Font Info:    Try loading font information for T1+aett on input line 95.
 (C:\texmf\tex\latex\ae\t1aett.fd
File: t1aett.fd 1997/11/16 Font definitions for T1/aett.
)
Overfull \hbox (1.16716pt too wide) in paragraph at lines 122--122
[]\T1/aett/m/n/12 publicada na Free Software Foundation; tanto na versão 2 da l
icença,[] 
 []


Overfull \hbox (114.05054pt too wide) has occurred while \output is active
\T1/aer/m/sl/12 APÊNDICE B.  DICAS E DIRETRIZES PARA SE INICIAR UM PROJETO DE S
OFTWARE LIVRE \T1/aer/m/n/12 62
 []

[62]
Underfull \hbox (badness 10000) in paragraph at lines 128--133

 []


Overfull \hbox (114.05054pt too wide) has occurred while \output is active
\T1/aer/m/sl/12 APÊNDICE B.  DICAS E DIRETRIZES PARA SE INICIAR UM PROJETO DE S
OFTWARE LIVRE \T1/aer/m/n/12 63
 []

[63]
Overfull \hbox (114.05054pt too wide) has occurred while \output is active
\T1/aer/m/sl/12 APÊNDICE B.  DICAS E DIRETRIZES PARA SE INICIAR UM PROJETO DE S
OFTWARE LIVRE \T1/aer/m/n/12 64
 []

[64])
Overfull \hbox (114.05054pt too wide) has occurred while \output is active
\T1/aer/m/sl/12 APÊNDICE B.  DICAS E DIRETRIZES PARA SE INICIAR UM PROJETO DE S
OFTWARE LIVRE \T1/aer/m/n/12 65
 []

[65] (monografiaCC.aux (mono_anexoA.aux) (mono_anexoB.aux))

LaTeX Warning: There were multiply-defined labels.

 ) 
Here is how much of TeX's memory you used:
 2829 strings out of 95897
 31194 string characters out of 1195240
 83654 words of memory out of 1083847
 5618 multiletter control sequences out of 35000
 30921 words of font info for 55 fonts, out of 500000 for 1000
 14 hyphenation exceptions out of 607
 28i,8n,24p,1346b,352s stack positions out of 1500i,500n,5000p,200000b,32768s

Output written on monografiaCC.dvi (65 pages, 187028 bytes).
